app/build/outputs/logs/manifest-merger-debug-report.txt
-- Merging decision tree log ---
manifest
ADDED from src\main\AndroidManifest.xml:2:1-58:12
	xmlns:android
		ADDED from src\main\AndroidManifest.xml:2:11-69
	package
		ADDED from src\main\AndroidManifest.xml:3:5-32
		INJECTED from src\main\AndroidManifest.xml
		INJECTED from src\main\AndroidManifest.xml
	android:versionName
		ADDED from src\main\AndroidManifest.xml:5:5-30
		INJECTED from src\main\AndroidManifest.xml
		INJECTED from src\main\AndroidManifest.xml
	android:versionCode
		ADDED from src\main\AndroidManifest.xml:4:5-28
		INJECTED from src\main\AndroidManifest.xml
		INJECTED from src\main\AndroidManifest.xml
uses-sdk
ADDED from src\main\AndroidManifest.xml:7:5-9:41
	android:targetSdkVersion
		ADDED from src\main\AndroidManifest.xml:9:9-38
		INJECTED from src\main\AndroidManifest.xml
		INJECTED from src\main\AndroidManifest.xml
	android:minSdkVersion
		ADDED from src\main\AndroidManifest.xml:8:9-35
		INJECTED from src\main\AndroidManifest.xml
		INJECTED from src\main\AndroidManifest.xml
uses-permission#android.permission.GET_ACCOUNTS
ADDED from src\main\AndroidManifest.xml:11:5-71
	android:name
		ADDED from src\main\AndroidManifest.xml:11:22-68
uses-permission#android.permission.USE_CREDENTIALS
ADDED from src\main\AndroidManifest.xml:12:5-74
	android:name
		ADDED from src\main\AndroidManifest.xml:12:22-71
uses-permission#android.permission.MANAGE_ACCOUNTS
ADDED from src\main\AndroidManifest.xml:13:5-74
	android:name
		ADDED from src\main\AndroidManifest.xml:13:22-71
uses-permission#android.permission.AUTHENTICATE_ACCOUNTS
ADDED from src\main\AndroidManifest.xml:14:5-80
	android:name
		ADDED from src\main\AndroidManifest.xml:14:22-77
uses-permission#android.permission.ACCESS_NETWORK_STATE
ADDED from src\main\AndroidManifest.xml:15:5-79
	android:name
		ADDED from src\main\AndroidManifest.xml:15:22-76
uses-permission#android.permission.INTERNET
ADDED from src\main\AndroidManifest.xml:16:5-67
	android:name
		ADDED from src\main\AndroidManifest.xml:16:22-64
uses-permission#com.android.launcher.permission.READ_SETTINGS
ADDED from src\main\AndroidManifest.xml:17:5-85
	android:name
		ADDED from src\main\AndroidManifest.xml:17:22-82
uses-permission#android.permission.CHANGE_WIFI_STATE
ADDED from src\main\AndroidManifest.xml:18:5-76
	android:name
		ADDED from src\main\AndroidManifest.xml:18:22-73
uses-permission#android.permission.ACCESS_WIFI_STATE
ADDED from src\main\AndroidManifest.xml:19:5-76
	android:name
		ADDED from src\main\AndroidManifest.xml:19:22-73
uses-permission#android.permission.READ_PHONE_STATE
ADDED from src\main\AndroidManifest.xml:20:5-75
	android:name
		ADDED from src\main\AndroidManifest.xml:20:22-72
uses-permission#android.permission.WRITE_EXTERNAL_STORAGE
ADDED from src\main\AndroidManifest.xml:21:5-81
	android:name
		ADDED from src\main\AndroidManifest.xml:21:22-78
uses-permission#android.permission.BROADCAST_STICKY
ADDED from src\main\AndroidManifest.xml:22:5-75
	android:name
		ADDED from src\main\AndroidManifest.xml:22:22-72
uses-permission#android.permission.WRITE_SETTINGS
ADDED from src\main\AndroidManifest.xml:23:5-73
	android:name
		ADDED from src\main\AndroidManifest.xml:23:22-70
application
ADDED from src\main\AndroidManifest.xml:25:5-56:19
	android:label
		ADDED from src\main\AndroidManifest.xml:28:9-41
	android:allowBackup
		ADDED from src\main\AndroidManifest.xml:26:9-35
	android:icon
		ADDED from src\main\AndroidManifest.xml:27:9-38
	android:theme
		ADDED from src\main\AndroidManifest.xml:29:9-40
meta-data#com.baidu.lbsapi.API_KEY
ADDED from src\main\AndroidManifest.xml:30:9-32:56
	android:name
		ADDED from src\main\AndroidManifest.xml:31:13-52
	android:value
		ADDED from src\main\AndroidManifest.xml:32:13-53
activity#com.example.activity.MainActivity
ADDED from src\main\AndroidManifest.xml:34:9-42:20
	android:label
		ADDED from src\main\AndroidManifest.xml:36:13-45
	android:name
		ADDED from src\main\AndroidManifest.xml:35:13-61
intent-filter#android.intent.action.MAIN+android.intent.category.LAUNCHER
ADDED from src\main\AndroidManifest.xml:37:14-41:29
action#android.intent.action.MAIN
ADDED from src\main\AndroidManifest.xml:38:17-69
	android:name
		ADDED from src\main\AndroidManifest.xml:38:25-66
category#android.intent.category.LAUNCHER
ADDED from src\main\AndroidManifest.xml:40:17-77
	android:name
		ADDED from src\main\AndroidManifest.xml:40:27-74
activity#com.example.activity.ListActivity
ADDED from src\main\AndroidManifest.xml:43:9-47:20
	android:label
		ADDED from src\main\AndroidManifest.xml:45:13-56
	android:name
		ADDED from src\main\AndroidManifest.xml:44:13-61
activity#com.example.activity.DisplayActivity
ADDED from src\main\AndroidManifest.xml:48:9-51:20
	android:label
		ADDED from src\main\AndroidManifest.xml:50:13-59
	android:name
		ADDED from src\main\AndroidManifest.xml:49:13-64
activity#com.example.keshe.WelcomeActivity
ADDED from src\main\AndroidManifest.xml:52:9-55:20
	android:label
		ADDED from src\main\AndroidManifest.xml:54:13-59
	android:name
		ADDED from src\main\AndroidManifest.xml:53:13-61